[21:54:17] [main/INFO]: Setting user: ForgeDevName
[21:54:19] [Client thread/INFO]: LWJGL Version: 2.9.1
[21:54:23] [Client thread/INFO]: Reloading ResourceManager: Default, FMLFileResourcePack:Forge Mod Loader, FMLFileResourcePack:Minecraft Forge
[21:54:24] [Sound Library Loader/INFO]: Sound engine started
[21:54:25] [Client thread/INFO]: Created: 512x256 textures/blocks-atlas
[21:54:26] [Client thread/INFO]: Created: 256x256 textures/items-atlas
[21:54:26] [Client thread/INFO]: Reloading ResourceManager: Default, FMLFileResourcePack:Forge Mod Loader, FMLFileResourcePack:Minecraft Forge
[21:54:26] [Client thread/INFO]: Created: 512x256 textures/blocks-atlas
[21:54:26] [Client thread/INFO]: Created: 256x256 textures/items-atlas
[21:54:27] [Sound Library Loader/INFO]: Sound engine started
[21:57:31] [main/INFO]: Setting user: ForgeDevName
[21:57:32] [Client thread/INFO]: LWJGL Version: 2.9.1
[21:57:38] [Client thread/INFO]: Reloading ResourceManager: Default, FMLFileResourcePack:Forge Mod Loader, FMLFileResourcePack:Minecraft Forge, FMLFileResourcePack:Clothier
[21:57:39] [Sound Library Loader/INFO]: Sound engine started
[21:57:41] [Client thread/INFO]: Created: 512x256 textures/blocks-atlas
[21:57:41] [Client thread/INFO]: Created: 256x256 textures/items-atlas
[21:57:41] [Client thread/INFO]: Reloading ResourceManager: Default, FMLFileResourcePack:Forge Mod Loader, FMLFileResourcePack:Minecraft Forge, FMLFileResourcePack:Clothier
[21:57:41] [Client thread/INFO]: Created: 256x256 textures/items-atlas
[21:57:41] [Client thread/INFO]: Created: 512x256 textures/blocks-atlas
[21:57:42] [Sound Library Loader/INFO]: Sound engine started
[21:57:53] [Client thread/INFO]: Stopping!
