[16:39:42] [main/INFO] [GradleStart]: No arguments specified, assuming client.
[16:39:42] [main/INFO] [GradleStart]: Running with arguments: [--version, 1.7.10, --tweakClass, cpw.mods.fml.common.launcher.FMLTweaker, --assetIndex, 1.7.10, --assetsDir, C:/Users/Seradar.Seradar-HP/.gradle/caches/minecraft/assets, --accessToken, FML, --userProperties, {}, --username, ForgeDevName]
[16:39:42] [main/INFO] [LaunchWrapper]: Loading tweak class name cpw.mods.fml.common.launcher.FMLTweaker
[16:39:42] [main/INFO] [LaunchWrapper]: Using primary tweak class name cpw.mods.fml.common.launcher.FMLTweaker
[16:39:42] [main/INFO] [LaunchWrapper]: Calling tweak class cpw.mods.fml.common.launcher.FMLTweaker
[17:06:35] [main/INFO] [GradleStart]: No arguments specified, assuming client.
[17:06:35] [main/INFO] [GradleStart]: Running with arguments: [--version, 1.7.10, --tweakClass, cpw.mods.fml.common.launcher.FMLTweaker, --assetIndex, 1.7.10, --assetsDir, C:/Users/Seradar.Seradar-HP/.gradle/caches/minecraft/assets, --accessToken, FML, --userProperties, {}, --username, ForgeDevName]
[17:06:36] [main/INFO] [LaunchWrapper]: Loading tweak class name cpw.mods.fml.common.launcher.FMLTweaker
[17:06:36] [main/INFO] [LaunchWrapper]: Using primary tweak class name cpw.mods.fml.common.launcher.FMLTweaker
[17:06:36] [main/INFO] [LaunchWrapper]: Calling tweak class cpw.mods.fml.common.launcher.FMLTweaker
[21:39:18] [main/INFO] [GradleStart]: No arguments specified, assuming client.
[21:39:18] [main/INFO] [GradleStart]: Running with arguments: [--version, 1.7.10, --tweakClass, cpw.mods.fml.common.launcher.FMLTweaker, --assetIndex, 1.7.10, --assetsDir, C:/Users/Seradar.Seradar-HP/.gradle/caches/minecraft/assets, --accessToken, FML, --userProperties, {}, --username, ForgeDevName]
[21:39:18] [main/INFO] [LaunchWrapper]: Loading tweak class name cpw.mods.fml.common.launcher.FMLTweaker
[21:39:18] [main/INFO] [LaunchWrapper]: Using primary tweak class name cpw.mods.fml.common.launcher.FMLTweaker
[21:39:18] [main/INFO] [LaunchWrapper]: Calling tweak class cpw.mods.fml.common.launcher.FMLTweaker
[21:40:13] [main/INFO] [GradleStart]: No arguments specified, assuming client.
[21:40:13] [main/INFO] [GradleStart]: Running with arguments: [--version, 1.7.10, --tweakClass, cpw.mods.fml.common.launcher.FMLTweaker, --assetIndex, 1.7.10, --assetsDir, C:/Users/Seradar.Seradar-HP/.gradle/caches/minecraft/assets, --accessToken, FML, --userProperties, {}, --username, ForgeDevName]
[21:40:13] [main/INFO] [LaunchWrapper]: Loading tweak class name cpw.mods.fml.common.launcher.FMLTweaker
[21:40:13] [main/INFO] [LaunchWrapper]: Using primary tweak class name cpw.mods.fml.common.launcher.FMLTweaker
[21:40:13] [main/INFO] [LaunchWrapper]: Calling tweak class cpw.mods.fml.common.launcher.FMLTweaker
[21:54:13] [main/INFO] [GradleStart]: No arguments specified, assuming client.
[21:54:13] [main/INFO] [GradleStart]: Running with arguments: [--version, 1.7.10, --tweakClass, cpw.mods.fml.common.launcher.FMLTweaker, --assetIndex, 1.7.10, --assetsDir, C:/Users/Seradar.Seradar-HP/.gradle/caches/minecraft/assets, --accessToken, FML, --userProperties, {}, --username, ForgeDevName]
[21:54:13] [main/INFO] [LaunchWrapper]: Loading tweak class name cpw.mods.fml.common.launcher.FMLTweaker
[21:54:13] [main/INFO] [LaunchWrapper]: Using primary tweak class name cpw.mods.fml.common.launcher.FMLTweaker
[21:54:13] [main/INFO] [LaunchWrapper]: Calling tweak class cpw.mods.fml.common.launcher.FMLTweaker
[21:57:27] [main/INFO] [GradleStart]: No arguments specified, assuming client.
[21:57:27] [main/INFO] [GradleStart]: Running with arguments: [--version, 1.7.10, --tweakClass, cpw.mods.fml.common.launcher.FMLTweaker, --assetIndex, 1.7.10, --assetsDir, C:/Users/Seradar.Seradar-HP/.gradle/caches/minecraft/assets, --accessToken, FML, --userProperties, {}, --username, ForgeDevName]
[21:57:27] [main/INFO] [LaunchWrapper]: Loading tweak class name cpw.mods.fml.common.launcher.FMLTweaker
[21:57:27] [main/INFO] [LaunchWrapper]: Using primary tweak class name cpw.mods.fml.common.launcher.FMLTweaker
[21:57:27] [main/INFO] [LaunchWrapper]: Calling tweak class cpw.mods.fml.common.launcher.FMLTweaker
[22:10:10] [main/INFO] [GradleStart]: No arguments specified, assuming client.
[22:10:10] [main/INFO] [GradleStart]: Running with arguments: [--version, 1.7.10, --tweakClass, cpw.mods.fml.common.launcher.FMLTweaker, --assetIndex, 1.7.10, --assetsDir, C:/Users/Seradar.Seradar-HP/.gradle/caches/minecraft/assets, --accessToken, FML, --userProperties, {}, --username, ForgeDevName]
[22:10:10] [main/INFO] [LaunchWrapper]: Loading tweak class name cpw.mods.fml.common.launcher.FMLTweaker
[22:10:10] [main/INFO] [LaunchWrapper]: Using primary tweak class name cpw.mods.fml.common.launcher.FMLTweaker
[22:10:10] [main/INFO] [LaunchWrapper]: Calling tweak class cpw.mods.fml.common.launcher.FMLTweaker
[22:24:16] [main/INFO] [GradleStart]: No arguments specified, assuming client.
[22:24:16] [main/INFO] [GradleStart]: Running with arguments: [--version, 1.7.10, --tweakClass, cpw.mods.fml.common.launcher.FMLTweaker, --assetIndex, 1.7.10, --assetsDir, C:/Users/Seradar.Seradar-HP/.gradle/caches/minecraft/assets, --accessToken, FML, --userProperties, {}, --username, ForgeDevName]
[22:24:16] [main/INFO] [LaunchWrapper]: Loading tweak class name cpw.mods.fml.common.launcher.FMLTweaker
[22:24:16] [main/INFO] [LaunchWrapper]: Using primary tweak class name cpw.mods.fml.common.launcher.FMLTweaker
[22:24:16] [main/INFO] [LaunchWrapper]: Calling tweak class cpw.mods.fml.common.launcher.FMLTweaker
[22:29:03] [main/INFO] [GradleStart]: No arguments specified, assuming client.
[22:29:03] [main/INFO] [GradleStart]: Running with arguments: [--version, 1.7.10, --tweakClass, cpw.mods.fml.common.launcher.FMLTweaker, --assetIndex, 1.7.10, --assetsDir, C:/Users/Seradar.Seradar-HP/.gradle/caches/minecraft/assets, --accessToken, FML, --userProperties, {}, --username, ForgeDevName]
[22:29:03] [main/INFO] [LaunchWrapper]: Loading tweak class name cpw.mods.fml.common.launcher.FMLTweaker
[22:29:03] [main/INFO] [LaunchWrapper]: Using primary tweak class name cpw.mods.fml.common.launcher.FMLTweaker
[22:29:03] [main/INFO] [LaunchWrapper]: Calling tweak class cpw.mods.fml.common.launcher.FMLTweaker
[22:30:01] [main/INFO] [GradleStart]: No arguments specified, assuming client.
[22:30:01] [main/INFO] [GradleStart]: Running with arguments: [--version, 1.7.10, --tweakClass, cpw.mods.fml.common.launcher.FMLTweaker, --assetIndex, 1.7.10, --assetsDir, C:/Users/Seradar.Seradar-HP/.gradle/caches/minecraft/assets, --accessToken, FML, --userProperties, {}, --username, ForgeDevName]
[22:30:01] [main/INFO] [LaunchWrapper]: Loading tweak class name cpw.mods.fml.common.launcher.FMLTweaker
[22:30:01] [main/INFO] [LaunchWrapper]: Using primary tweak class name cpw.mods.fml.common.launcher.FMLTweaker
[22:30:01] [main/INFO] [LaunchWrapper]: Calling tweak class cpw.mods.fml.common.launcher.FMLTweaker
